2022-05-20T07:07:51+00:00 CRITICAL Uncaught TypeError: count(): Argument #1 ($value) must be of type Countable|array, null given in /var/www/html/entounstaging/wp-content/plugins/woo-mpgs/woo-mpgs.php:384
Stack trace:
#0 /var/www/html/entounstaging/wp-includes/class-wp-hook.php(307): WOO_MPGS->process_response()
#1 /var/www/html/entounstaging/wp-includes/class-wp-hook.php(331): WP_Hook->apply_filters()
#2 /var/www/html/entounstaging/wp-includes/plugin.php(474): WP_Hook->do_action()
#3 /var/www/html/entounstaging/wp-content/plugins/woocommerce/includes/class-wc-api.php(161): do_action()
#4 /var/www/html/entounstaging/wp-includes/class-wp-hook.php(307): WC_API->handle_api_requests()
#5 /var/www/html/entounstaging/wp-includes/class-wp-hook.php(331): WP_Hook->apply_filters()
#6 /var/www/html/entounstaging/wp-includes/plugin.php(522): WP_Hook->do_action()
#7 /var/www/html/entounstaging/wp-includes/class-wp.php(396): do_action_ref_array()
#8 /var/www/html/entounstaging/wp-includes/class-wp.php(758): WP->parse_request()
#9 /var/www/html/entounstaging/wp-includes/functions.php(1310): WP->main()
#10 /var/www/html/entounstaging/wp-blog-header.php(16): wp()
#11 /var/www/html/entounstaging/index.php(17): require('...')
#12 {main}
  thrown in /var/www/html/entounstaging/wp-content/plugins/woo-mpgs/woo-mpgs.php on line 384

2022-05-20T07:08:07+00:00 CRITICAL Uncaught TypeError: count(): Argument #1 ($value) must be of type Countable|array, null given in /var/www/html/entounstaging/wp-content/plugins/woo-mpgs/woo-mpgs.php:384
Stack trace:
#0 /var/www/html/entounstaging/wp-includes/class-wp-hook.php(307): WOO_MPGS->process_response()
#1 /var/www/html/entounstaging/wp-includes/class-wp-hook.php(331): WP_Hook->apply_filters()
#2 /var/www/html/entounstaging/wp-includes/plugin.php(474): WP_Hook->do_action()
#3 /var/www/html/entounstaging/wp-content/plugins/woocommerce/includes/class-wc-api.php(161): do_action()
#4 /var/www/html/entounstaging/wp-includes/class-wp-hook.php(307): WC_API->handle_api_requests()
#5 /var/www/html/entounstaging/wp-includes/class-wp-hook.php(331): WP_Hook->apply_filters()
#6 /var/www/html/entounstaging/wp-includes/plugin.php(522): WP_Hook->do_action()
#7 /var/www/html/entounstaging/wp-includes/class-wp.php(396): do_action_ref_array()
#8 /var/www/html/entounstaging/wp-includes/class-wp.php(758): WP->parse_request()
#9 /var/www/html/entounstaging/wp-includes/functions.php(1310): WP->main()
#10 /var/www/html/entounstaging/wp-blog-header.php(16): wp()
#11 /var/www/html/entounstaging/index.php(17): require('...')
#12 {main}
  thrown in /var/www/html/entounstaging/wp-content/plugins/woo-mpgs/woo-mpgs.php on line 384

2022-05-20T07:08:08+00:00 CRITICAL Uncaught TypeError: count(): Argument #1 ($value) must be of type Countable|array, null given in /var/www/html/entounstaging/wp-content/plugins/woo-mpgs/woo-mpgs.php:384
Stack trace:
#0 /var/www/html/entounstaging/wp-includes/class-wp-hook.php(307): WOO_MPGS->process_response()
#1 /var/www/html/entounstaging/wp-includes/class-wp-hook.php(331): WP_Hook->apply_filters()
#2 /var/www/html/entounstaging/wp-includes/plugin.php(474): WP_Hook->do_action()
#3 /var/www/html/entounstaging/wp-content/plugins/woocommerce/includes/class-wc-api.php(161): do_action()
#4 /var/www/html/entounstaging/wp-includes/class-wp-hook.php(307): WC_API->handle_api_requests()
#5 /var/www/html/entounstaging/wp-includes/class-wp-hook.php(331): WP_Hook->apply_filters()
#6 /var/www/html/entounstaging/wp-includes/plugin.php(522): WP_Hook->do_action()
#7 /var/www/html/entounstaging/wp-includes/class-wp.php(396): do_action_ref_array()
#8 /var/www/html/entounstaging/wp-includes/class-wp.php(758): WP->parse_request()
#9 /var/www/html/entounstaging/wp-includes/functions.php(1310): WP->main()
#10 /var/www/html/entounstaging/wp-blog-header.php(16): wp()
#11 /var/www/html/entounstaging/index.php(17): require('...')
#12 {main}
  thrown in /var/www/html/entounstaging/wp-content/plugins/woo-mpgs/woo-mpgs.php on line 384

2022-05-20T08:10:07+00:00 CRITICAL Uncaught TypeError: count(): Argument #1 ($value) must be of type Countable|array, null given in /var/www/html/entounstaging/wp-content/plugins/woo-mpgs/woo-mpgs.php:384
Stack trace:
#0 /var/www/html/entounstaging/wp-includes/class-wp-hook.php(307): WOO_MPGS->process_response()
#1 /var/www/html/entounstaging/wp-includes/class-wp-hook.php(331): WP_Hook->apply_filters()
#2 /var/www/html/entounstaging/wp-includes/plugin.php(474): WP_Hook->do_action()
#3 /var/www/html/entounstaging/wp-content/plugins/woocommerce/includes/class-wc-api.php(161): do_action()
#4 /var/www/html/entounstaging/wp-includes/class-wp-hook.php(307): WC_API->handle_api_requests()
#5 /var/www/html/entounstaging/wp-includes/class-wp-hook.php(331): WP_Hook->apply_filters()
#6 /var/www/html/entounstaging/wp-includes/plugin.php(522): WP_Hook->do_action()
#7 /var/www/html/entounstaging/wp-includes/class-wp.php(396): do_action_ref_array()
#8 /var/www/html/entounstaging/wp-includes/class-wp.php(758): WP->parse_request()
#9 /var/www/html/entounstaging/wp-includes/functions.php(1310): WP->main()
#10 /var/www/html/entounstaging/wp-blog-header.php(16): wp()
#11 /var/www/html/entounstaging/index.php(17): require('...')
#12 {main}
  thrown in /var/www/html/entounstaging/wp-content/plugins/woo-mpgs/woo-mpgs.php on line 384

